
[2023-10-30 16:26:45] Текст ошибки: Undefined variable $test | Файл: C:\OpenServer\domains\fw.loc\app\controllers\MainController.php | Строка: 18
==============
[2023-10-30 16:27:01] Текст ошибки: Контроллер <b>app\controllers\LlController</b> не найден | Файл: C:\OpenServer\domains\fw.loc\vendor\core\Router.php | Строка: 67
==============
[2023-10-30 16:27:29] Текст ошибки: Undefined variable $test | Файл: C:\OpenServer\domains\fw.loc\app\controllers\MainController.php | Строка: 18
==============
[2023-10-30 16:27:45] Текст ошибки: Undefined variable $test | Файл: C:\OpenServer\domains\fw.loc\app\controllers\MainController.php | Строка: 18
==============
[2023-10-30 17:15:23] Текст ошибки: Страница не найдена | Файл: C:\OpenServer\domains\fw.loc\vendor\core\Router.php | Строка: 72
==============
[2023-10-30 17:15:24] Текст ошибки: Страница не найдена | Файл: C:\OpenServer\domains\fw.loc\vendor\core\Router.php | Строка: 72
==============
[2023-10-30 17:15:51] Текст ошибки: Undefined variable $test | Файл: C:\OpenServer\domains\fw.loc\app\controllers\MainController.php | Строка: 18
==============
[2023-10-30 17:21:55] Текст ошибки: Undefined variable $test | Файл: C:\OpenServer\domains\fw.loc\app\controllers\MainController.php | Строка: 18
==============
[2023-10-30 17:22:17] Текст ошибки: Undefined variable $test | Файл: C:\OpenServer\domains\fw.loc\app\controllers\MainController.php | Строка: 18
==============
[2023-10-30 17:22:56] Текст ошибки: Undefined variable $test | Файл: C:\OpenServer\domains\fw.loc\app\controllers\MainController.php | Строка: 18
==============
[2023-10-30 17:22:56] Текст ошибки: Call to undefined function app\controllers\test() | Файл: C:\OpenServer\domains\fw.loc\app\controllers\MainController.php | Строка: 19
==============
[2023-10-30 17:25:19] Текст ошибки: E_USER_ERROR | Файл: C:\OpenServer\domains\fw.loc\app\controllers\MainController.php | Строка: 19
==============
[2023-10-30 17:27:26] Текст ошибки: E_USER_ERROR | Файл: C:\OpenServer\domains\fw.loc\app\controllers\MainController.php | Строка: 19
==============
[2023-10-30 17:27:52] Текст ошибки: E_USER_ERROR | Файл: C:\OpenServer\domains\fw.loc\app\controllers\MainController.php | Строка: 19
==============
[2023-10-30 17:28:30] Текст ошибки: Undefined variable $test | Файл: C:\OpenServer\domains\fw.loc\app\controllers\MainController.php | Строка: 18
==============
[2023-10-30 17:28:50] Текст ошибки: E_USER_ERROR | Файл: C:\OpenServer\domains\fw.loc\app\controllers\MainController.php | Строка: 19
==============
[2023-10-30 20:18:07] Текст ошибки: Контроллер <b>app\controllers\DwdqController</b> не найден | Файл: C:\OpenServer\domains\fw.loc\vendor\core\Router.php | Строка: 67
==============
[2023-10-30 20:21:16] Текст ошибки: Undefined array key "cacshe" | Файл: C:\OpenServer\domains\fw.loc\vendor\core\Registry.php | Строка: 31
==============
[2023-10-30 20:21:16] Текст ошибки: Call to a member function get() on null | Файл: C:\OpenServer\domains\fw.loc\app\controllers\MainController.php | Строка: 20
==============
[2023-10-30 20:33:07] Текст ошибки: foreach() argument must be of type array|object, int given | Файл: C:\OpenServer\domains\fw.loc\app\views\Main\index.php | Строка: 6
==============
[2023-10-30 20:33:59] Текст ошибки: foreach() argument must be of type array|object, int given | Файл: C:\OpenServer\domains\fw.loc\app\views\Main\index.php | Строка: 6
==============
[2023-10-30 20:33:59] Текст ошибки: foreach() argument must be of type array|object, int given | Файл: C:\OpenServer\domains\fw.loc\app\views\Main\index.php | Строка: 6
==============
[2023-10-30 20:34:00] Текст ошибки: foreach() argument must be of type array|object, int given | Файл: C:\OpenServer\domains\fw.loc\app\views\Main\index.php | Строка: 6
==============
[2023-10-30 20:34:01] Текст ошибки: foreach() argument must be of type array|object, int given | Файл: C:\OpenServer\domains\fw.loc\app\views\Main\index.php | Строка: 6
==============
[2023-10-30 20:34:02] Текст ошибки: foreach() argument must be of type array|object, int given | Файл: C:\OpenServer\domains\fw.loc\app\views\Main\index.php | Строка: 6
==============
[2023-10-30 20:34:03] Текст ошибки: foreach() argument must be of type array|object, int given | Файл: C:\OpenServer\domains\fw.loc\app\views\Main\index.php | Строка: 6
==============
[2023-10-30 20:34:30] Текст ошибки: foreach() argument must be of type array|object, int given | Файл: C:\OpenServer\domains\fw.loc\app\views\Main\index.php | Строка: 6
==============
[2023-10-30 20:34:38] Текст ошибки: foreach() argument must be of type array|object, int given | Файл: C:\OpenServer\domains\fw.loc\app\views\Main\index.php | Строка: 6
==============
[2023-10-30 20:35:18] Текст ошибки: foreach() argument must be of type array|object, int given | Файл: C:\OpenServer\domains\fw.loc\app\views\Main\index.php | Строка: 6
==============
[2023-10-30 22:17:59] Текст ошибки: Undefined array key "parent" | Файл: C:\OpenServer\domains\fw.loc\vendor\widgets\menu\Menu.php | Строка: 32
==============
[2023-10-31 09:03:48] Текст ошибки: Undefined array key "parent" | Файл: C:\OpenServer\domains\fw.loc\vendor\widgets\menu\Menu.php | Строка: 32
==============
[2023-10-31 09:03:49] Текст ошибки: Страница не найдена | Файл: C:\OpenServer\domains\fw.loc\vendor\core\Router.php | Строка: 72
==============
[2023-10-31 09:23:37] Текст ошибки: Undefined array key "parent" | Файл: C:\OpenServer\domains\fw.loc\vendor\widgets\menu\Menu.php | Строка: 33
==============
[2023-10-31 09:23:37] Текст ошибки: Undefined array key "title" | Файл: C:\OpenServer\domains\fw.loc\vendor\widgets\menu\menu_tpl\menu.php | Строка: 2
==============
[2023-10-31 09:48:26] Текст ошибки: Undefined array key "parent" | Файл: C:\OpenServer\domains\fw.loc\vendor\widgets\menu\Menu.php | Строка: 51
==============
[2023-10-31 09:48:26] Текст ошибки: Undefined array key "title" | Файл: C:\OpenServer\domains\fw.loc\public\menu\my_menu.php | Строка: 2
==============
[2023-10-31 09:48:26] Текст ошибки: Call to undefined method vendor\widgets\menu\Menu::menuHtml() | Файл: C:\OpenServer\domains\fw.loc\vendor\widgets\menu\Menu.php | Строка: 33
==============
[2023-10-31 09:50:29] Текст ошибки: Undefined array key "parent" | Файл: C:\OpenServer\domains\fw.loc\vendor\widgets\menu\Menu.php | Строка: 51
==============
[2023-10-31 09:50:29] Текст ошибки: Undefined array key "title" | Файл: C:\OpenServer\domains\fw.loc\public\menu\my_menu.php | Строка: 2
==============
[2023-10-31 09:52:18] Текст ошибки: Undefined array key "parent" | Файл: C:\OpenServer\domains\fw.loc\vendor\widgets\menu\Menu.php | Строка: 51
==============
[2023-10-31 09:52:18] Текст ошибки: Undefined array key "title" | Файл: C:\OpenServer\domains\fw.loc\vendor\widgets\menu\menu_tpl\menu.php | Строка: 2
==============
[2023-10-31 09:54:41] Текст ошибки: Undefined array key "parent" | Файл: C:\OpenServer\domains\fw.loc\vendor\widgets\menu\Menu.php | Строка: 52
==============
[2023-10-31 09:54:41] Текст ошибки: Undefined array key "title" | Файл: C:\OpenServer\domains\fw.loc\vendor\widgets\menu\menu_tpl\menu.php | Строка: 2
==============
[2023-10-31 09:55:36] Текст ошибки: Undefined array key "parent" | Файл: C:\OpenServer\domains\fw.loc\vendor\widgets\menu\Menu.php | Строка: 52
==============
[2023-10-31 09:55:36] Текст ошибки: Undefined array key "title" | Файл: C:\OpenServer\domains\fw.loc\vendor\widgets\menu\menu_tpl\menu.php | Строка: 2
==============
[2023-10-31 10:01:47] Текст ошибки: Undefined array key "parent" | Файл: C:\OpenServer\domains\fw.loc\vendor\widgets\menu\Menu.php | Строка: 52
==============
[2023-10-31 10:01:47] Текст ошибки: Undefined array key "title" | Файл: C:\OpenServer\domains\fw.loc\vendor\widgets\menu\menu_tpl\menu.php | Строка: 2
==============
[2023-10-31 10:04:48] Текст ошибки: Undefined array key "parent" | Файл: C:\OpenServer\domains\fw.loc\vendor\widgets\menu\Menu.php | Строка: 52
==============
[2023-10-31 10:04:48] Текст ошибки: require(C:\OpenServer\domains\fw.loc\public/menu_tpl/select.php): Failed to open stream: No such file or directory | Файл: C:\OpenServer\domains\fw.loc\vendor\widgets\menu\Menu.php | Строка: 73
==============
[2023-10-31 10:04:48] Текст ошибки: Failed opening required 'C:\OpenServer\domains\fw.loc\public/menu_tpl/select.php' (include_path='.') | Файл: C:\OpenServer\domains\fw.loc\vendor\widgets\menu\Menu.php | Строка: 73
==============
[2023-10-31 10:05:15] Текст ошибки: Undefined array key "parent" | Файл: C:\OpenServer\domains\fw.loc\vendor\widgets\menu\Menu.php | Строка: 52
==============
[2023-10-31 10:07:04] Текст ошибки: Undefined array key "parent" | Файл: C:\OpenServer\domains\fw.loc\vendor\widgets\menu\Menu.php | Строка: 52
==============
[2023-10-31 10:07:05] Текст ошибки: Undefined array key "parent" | Файл: C:\OpenServer\domains\fw.loc\vendor\widgets\menu\Menu.php | Строка: 52
==============
[2023-10-31 10:07:06] Текст ошибки: Undefined array key "parent" | Файл: C:\OpenServer\domains\fw.loc\vendor\widgets\menu\Menu.php | Строка: 52
==============
[2023-10-31 10:07:50] Текст ошибки: Undefined array key "parent" | Файл: C:\OpenServer\domains\fw.loc\vendor\widgets\menu\Menu.php | Строка: 52
==============
[2023-10-31 10:07:50] Текст ошибки: Страница не найдена | Файл: C:\OpenServer\domains\fw.loc\vendor\core\Router.php | Строка: 72
==============
[2023-10-31 10:07:50] Текст ошибки: Undefined array key "parent" | Файл: C:\OpenServer\domains\fw.loc\vendor\widgets\menu\Menu.php | Строка: 52
==============
[2023-10-31 10:07:50] Текст ошибки: Страница не найдена | Файл: C:\OpenServer\domains\fw.loc\vendor\core\Router.php | Строка: 72
==============
[2023-10-31 10:07:50] Текст ошибки: Undefined array key "parent" | Файл: C:\OpenServer\domains\fw.loc\vendor\widgets\menu\Menu.php | Строка: 52
==============
[2023-10-31 10:07:51] Текст ошибки: Страница не найдена | Файл: C:\OpenServer\domains\fw.loc\vendor\core\Router.php | Строка: 72
==============
[2023-10-31 10:07:51] Текст ошибки: Undefined array key "parent" | Файл: C:\OpenServer\domains\fw.loc\vendor\widgets\menu\Menu.php | Строка: 52
==============
[2023-10-31 10:07:51] Текст ошибки: Страница не найдена | Файл: C:\OpenServer\domains\fw.loc\vendor\core\Router.php | Строка: 72
==============
[2023-10-31 10:07:51] Текст ошибки: Undefined array key "parent" | Файл: C:\OpenServer\domains\fw.loc\vendor\widgets\menu\Menu.php | Строка: 52
==============
[2023-10-31 10:07:51] Текст ошибки: Страница не найдена | Файл: C:\OpenServer\domains\fw.loc\vendor\core\Router.php | Строка: 72
==============
[2023-10-31 10:07:51] Текст ошибки: Undefined array key "parent" | Файл: C:\OpenServer\domains\fw.loc\vendor\widgets\menu\Menu.php | Строка: 52
==============
[2023-10-31 10:07:51] Текст ошибки: Undefined array key "parent" | Файл: C:\OpenServer\domains\fw.loc\vendor\widgets\menu\Menu.php | Строка: 52
==============
[2023-10-31 10:07:52] Текст ошибки: Страница не найдена | Файл: C:\OpenServer\domains\fw.loc\vendor\core\Router.php | Строка: 72
==============
